This file contains any messages produced by compilers while
running configure, to aid debugging if configure makes a mistake.

It was created by libpng configure 1.2.43, which was
generated by GNU Autoconf 2.65.  Invocation command line was

  $ ./configure --disable-shared

## --------- ##
## Platform. ##
## --------- ##

hostname = s1n6.ncep.noaa.gov
uname -m = 00C2CEB44C00
uname -r = 3
uname -s = AIX
uname -v = 5

/usr/bin/uname -p = powerpc
/bin/uname -X     = unknown

/bin/arch              = unknown
/usr/bin/arch -k       = unknown
/usr/convex/getsysinfo = unknown
/usr/bin/hostinfo      = unknown
/bin/machine           = unknown
/usr/bin/oslevel       = 5.3.0.0
/bin/universe          = unknown

PATH: .
PATH: /usr/bin
PATH: /etc
PATH: /usr/sbin
PATH: /usr/ucb
PATH: /usr/bin/X11
PATH: /sbin
PATH: /u/wx23sm
PATH: /u/wx23sm/bin
PATH: /usr/lpp/LoadL/full/bin
PATH: /usrx/local/totalview/bin
PATH: /usrx/local/vampir/bin
PATH: /usrx/local/HPM_V2.2/HPM_V2.2/bin
PATH: /usrx/local/HPM_V2.2/HPM_V2.2/lib
PATH: /usrx/local/HPM_V2.2/HPM_V2.2/include
PATH: .
PATH: /gpfs/m/global/save/wx23sm
PATH: /gpfs/m/global/save/wx23sm/bin
PATH: /u/wx20mi/bin
PATH: /nwprod/util/exec
PATH: /nwprod/util/ush
PATH: /usrx/local/ossh34p1/bin
PATH: /usrx/local/grads/bin
PATH: /usrx/local/grads/gslib
PATH: /usrx/local/cvs/bin
PATH: /usrx/local/imajik/bin
PATH: /opt/freeware/libexec/gcc/powerpc-ibm-aix5.3.0.0/4.2.0
PATH: /usrx/local/ghostscript/gs7.05
PATH: /usrx/local/bin
PATH: /usrx/local/emacs/emacs-20.4/src
PATH: /usrx/local/emacs/emacs-20.4/lib-src
PATH: /usrx/local/vampir/bin
PATH: /usrx/local/hpss/bin
PATH: /usrx/local/hpss/non-dce/utilities/bin
PATH: /gpfs/m/global/save/wx20mi/bin
PATH: /usrx/local/ncar411/bin
PATH: /usr/bin
PATH: /etc
PATH: /usr/sbin
PATH: /usr/ucb
PATH: /usr/bin/X11
PATH: /sbin
PATH: /usrx/local/grads/bin
PATH: /usr/lpp/LoadL/full/bin
PATH: .
PATH: /global/save/wx23sm/bin
PATH: /global/save/wx23sm/script
PATH: /climate/save/wx23sm/bin
PATH: /global/save/wx23sm/emcsrc/script
PATH: /usrx/local/totalview/bin
PATH: /usr/vac/bin
PATH: /usr/vacpp/bin
PATH: /usrx/local/svn.1.4.5.cirrus/bin


## ----------- ##
## Core tests. ##
## ----------- ##

configure:2426: checking for a BSD-compatible install
configure:2494: result: ./install-sh -c
configure:2505: checking whether build environment is sane
configure:2555: result: yes
configure:2696: checking for a thread-safe mkdir -p
configure:2735: result: ./install-sh -c -d
configure:2748: checking for gawk
configure:2764: found /usr/bin/gawk
configure:2775: result: gawk
configure:2786: checking whether make sets $(MAKE)
configure:2808: result: yes
configure:2889: checking whether to enable maintainer-specific portions of Makefiles
configure:2898: result: no
configure:2971: checking for gcc
configure:2987: found /usr/bin/gcc
configure:2998: result: gcc
configure:3227: checking for C compiler version
configure:3236: gcc --version >&5
gcc (GCC) 4.2.0
Copyright (C) 2007 Free Software Foundation, Inc.
This is free software; see the source for copying conditions.  There is NO
warranty; not even for MERCHANTABILITY or FITNESS FOR A PARTICULAR PURPOSE.

configure:3247: $? = 0
configure:3236: gcc -v >&5
Using built-in specs.
Target: powerpc-ibm-aix5.3.0.0
Configured with: ../configure --with-as=/usr/bin/as --with-ld=/usr/bin/ld --enable-languages=c,c++,java --prefix=/opt/freeware --enable-threads --enable-version-specific-runtime-libs --host=powerpc-ibm-aix5.3.0.0 --target=powerpc-ibm-aix5.3.0.0 --build=powerpc-ibm-aix5.3.0.0 --disable-libjava-multilib
Thread model: aix
gcc version 4.2.0
configure:3247: $? = 0
configure:3236: gcc -V >&5
gcc: '-V' option must have argument
configure:3247: $? = 1
configure:3236: gcc -qversion >&5
gcc: unrecognized option '-qversion'
gcc: no input files
configure:3247: $? = 1
configure:3267: checking whether the C compiler works
configure:3289: gcc  -O2 -I/gpfs/t3/global/save/wx23sm/GFS/f2010/trunk/para/util/sorc/wgrib2.cd/grib2/g2clib-1.1.8 -I/gpfs/t3/global/save/wx23sm/GFS/f2010/trunk/para/util/sorc/wgrib2.cd/grib2/jasper-1.900.1/src/libjasper/include -I/gpfs/t3/global/save/wx23sm/GFS/f2010/trunk/para/util/sorc/wgrib2.cd/grib2/netcdf-3.6.2/libsrc -I/gpfs/t3/global/save/wx23sm/GFS/f2010/trunk/para/util/sorc/wgrib2.cd/grib2/libpng-1.2.43 -I/gpfs/t3/global/save/wx23sm/GFS/f2010/trunk/para/util/sorc/wgrib2.cd/grib2/zlib-1.2.5 -I/usr/include  -I/usr/include  -L/gpfs/t3/global/save/wx23sm/GFS/f2010/trunk/para/util/sorc/wgrib2.cd/grib2/zlib-1.2.5 conftest.c  >&5
Assembler:
/stmp/wx23sm/ccSti92v.s: line 11: Only .llong should be used for relocatable expressions.
configure:3293: $? = 1
configure:3331: result: no
configure: failed program was:
| /* confdefs.h */
| #define PACKAGE_NAME "libpng"
| #define PACKAGE_TARNAME "libpng"
| #define PACKAGE_VERSION "1.2.43"
| #define PACKAGE_STRING "libpng 1.2.43"
| #define PACKAGE_BUGREPORT "png-mng-implement@lists.sourceforge.net"
| #define PACKAGE_URL ""
| #define PACKAGE "libpng"
| #define VERSION "1.2.43"
| /* end confdefs.h.  */
| 
| int
| main ()
| {
| 
|   ;
|   return 0;
| }
configure:3336: error: in `/gpfs/t3/global/save/wx23sm/GFS/f2010/trunk/para/util/sorc/wgrib2.cd/grib2/libpng-1.2.43':
configure:3339: error: C compiler cannot create executables
See `config.log' for more details.

## ---------------- ##
## Cache variables. ##
## ---------------- ##

ac_cv_env_CC_set=''
ac_cv_env_CC_value=''
ac_cv_env_CFLAGS_set=''
ac_cv_env_CFLAGS_value=''
ac_cv_env_CPPFLAGS_set=set
ac_cv_env_CPPFLAGS_value='-O2 -I/gpfs/t3/global/save/wx23sm/GFS/f2010/trunk/para/util/sorc/wgrib2.cd/grib2/g2clib-1.1.8 -I/gpfs/t3/global/save/wx23sm/GFS/f2010/trunk/para/util/sorc/wgrib2.cd/grib2/jasper-1.900.1/src/libjasper/include -I/gpfs/t3/global/save/wx23sm/GFS/f2010/trunk/para/util/sorc/wgrib2.cd/grib2/netcdf-3.6.2/libsrc -I/gpfs/t3/global/save/wx23sm/GFS/f2010/trunk/para/util/sorc/wgrib2.cd/grib2/libpng-1.2.43 -I/gpfs/t3/global/save/wx23sm/GFS/f2010/trunk/para/util/sorc/wgrib2.cd/grib2/zlib-1.2.5 -I/usr/include  -I/usr/include '
ac_cv_env_CPP_set=''
ac_cv_env_CPP_value=''
ac_cv_env_LDFLAGS_set=set
ac_cv_env_LDFLAGS_value=-L/gpfs/t3/global/save/wx23sm/GFS/f2010/trunk/para/util/sorc/wgrib2.cd/grib2/zlib-1.2.5
ac_cv_env_LIBS_set=''
ac_cv_env_LIBS_value=''
ac_cv_env_build_alias_set=''
ac_cv_env_build_alias_value=''
ac_cv_env_host_alias_set=''
ac_cv_env_host_alias_value=''
ac_cv_env_target_alias_set=''
ac_cv_env_target_alias_value=''
ac_cv_prog_AWK=gawk
ac_cv_prog_ac_ct_CC=gcc
ac_cv_prog_make_make_set=yes

## ----------------- ##
## Output variables. ##
## ----------------- ##

ACLOCAL='${SHELL} /gpfs/t3/global/save/wx23sm/GFS/f2010/trunk/para/util/sorc/wgrib2.cd/grib2/libpng-1.2.43/missing --run aclocal-1.11'
AMDEPBACKSLASH=''
AMDEP_FALSE=''
AMDEP_TRUE=''
AMTAR='${SHELL} /gpfs/t3/global/save/wx23sm/GFS/f2010/trunk/para/util/sorc/wgrib2.cd/grib2/libpng-1.2.43/missing --run tar'
AR=''
AS=''
AUTOCONF='${SHELL} /gpfs/t3/global/save/wx23sm/GFS/f2010/trunk/para/util/sorc/wgrib2.cd/grib2/libpng-1.2.43/missing --run autoconf'
AUTOHEADER='${SHELL} /gpfs/t3/global/save/wx23sm/GFS/f2010/trunk/para/util/sorc/wgrib2.cd/grib2/libpng-1.2.43/missing --run autoheader'
AUTOMAKE='${SHELL} /gpfs/t3/global/save/wx23sm/GFS/f2010/trunk/para/util/sorc/wgrib2.cd/grib2/libpng-1.2.43/missing --run automake-1.11'
AWK='gawk'
CC='gcc'
CCDEPMODE=''
CFLAGS=''
CPP=''
CPPFLAGS='-O2 -I/gpfs/t3/global/save/wx23sm/GFS/f2010/trunk/para/util/sorc/wgrib2.cd/grib2/g2clib-1.1.8 -I/gpfs/t3/global/save/wx23sm/GFS/f2010/trunk/para/util/sorc/wgrib2.cd/grib2/jasper-1.900.1/src/libjasper/include -I/gpfs/t3/global/save/wx23sm/GFS/f2010/trunk/para/util/sorc/wgrib2.cd/grib2/netcdf-3.6.2/libsrc -I/gpfs/t3/global/save/wx23sm/GFS/f2010/trunk/para/util/sorc/wgrib2.cd/grib2/libpng-1.2.43 -I/gpfs/t3/global/save/wx23sm/GFS/f2010/trunk/para/util/sorc/wgrib2.cd/grib2/zlib-1.2.5 -I/usr/include  -I/usr/include '
CYGPATH_W='echo'
DEFS=''
DEPDIR=''
DLLTOOL=''
DSYMUTIL=''
DUMPBIN=''
ECHO_C='\c'
ECHO_N=''
ECHO_T=''
EGREP=''
EXEEXT=''
FGREP=''
GREP=''
HAVE_LD_VERSION_SCRIPT_FALSE=''
HAVE_LD_VERSION_SCRIPT_TRUE=''
INSTALL_DATA='${INSTALL} -m 644'
INSTALL_PROGRAM='${INSTALL}'
INSTALL_SCRIPT='${INSTALL}'
INSTALL_STRIP_PROGRAM='$(install_sh) -c -s'
LD=''
LDFLAGS='-L/gpfs/t3/global/save/wx23sm/GFS/f2010/trunk/para/util/sorc/wgrib2.cd/grib2/zlib-1.2.5'
LIBOBJS=''
LIBPNG_DEFINES=''
LIBPNG_NO_MMX=''
LIBS=''
LIBTOOL=''
LIPO=''
LN_S=''
LTLIBOBJS=''
MAINT='#'
MAINTAINER_MODE_FALSE=''
MAINTAINER_MODE_TRUE='#'
MAKEINFO='${SHELL} /gpfs/t3/global/save/wx23sm/GFS/f2010/trunk/para/util/sorc/wgrib2.cd/grib2/libpng-1.2.43/missing --run makeinfo'
MKDIR_P='./install-sh -c -d'
NM=''
NMEDIT=''
OBJDUMP=''
OBJEXT=''
OTOOL64=''
OTOOL=''
PACKAGE='libpng'
PACKAGE_BUGREPORT='png-mng-implement@lists.sourceforge.net'
PACKAGE_NAME='libpng'
PACKAGE_STRING='libpng 1.2.43'
PACKAGE_TARNAME='libpng'
PACKAGE_URL=''
PACKAGE_VERSION='1.2.43'
PATH_SEPARATOR=':'
PNGLIB_MAJOR='1'
PNGLIB_MINOR='2'
PNGLIB_RELEASE='43'
PNGLIB_VERSION='1.2.43'
POW_LIB=''
RANLIB=''
SED=''
SET_MAKE=''
SHELL='/bin/sh'
STRIP=''
SYMBOL_PREFIX=''
VERSION='1.2.43'
ac_ct_CC='gcc'
ac_ct_DUMPBIN=''
am__EXEEXT_FALSE=''
am__EXEEXT_TRUE=''
am__fastdepCC_FALSE=''
am__fastdepCC_TRUE=''
am__include=''
am__isrc=''
am__leading_dot='.'
am__quote=''
am__tar='${AMTAR} chof - "$$tardir"'
am__untar='${AMTAR} xf -'
binconfigs=''
bindir='${exec_prefix}/bin'
build=''
build_alias=''
build_cpu=''
build_os=''
build_vendor=''
compatlib=''
datadir='${datarootdir}'
datarootdir='${prefix}/share'
docdir='${datarootdir}/doc/${PACKAGE_TARNAME}'
dvidir='${docdir}'
exec_prefix='NONE'
host=''
host_alias=''
host_cpu=''
host_os=''
host_vendor=''
htmldir='${docdir}'
includedir='${prefix}/include'
infodir='${datarootdir}/info'
install_sh='${SHELL} /gpfs/t3/global/save/wx23sm/GFS/f2010/trunk/para/util/sorc/wgrib2.cd/grib2/libpng-1.2.43/install-sh'
libdir='${exec_prefix}/lib'
libexecdir='${exec_prefix}/libexec'
localedir='${datarootdir}/locale'
localstatedir='${prefix}/var'
lt_ECHO='print -r'
mandir='${datarootdir}/man'
mkdir_p='$(top_builddir)/./install-sh -c -d'
oldincludedir='/usr/include'
pdfdir='${docdir}'
pkgconfigdir=''
prefix='NONE'
program_transform_name='s,x,x,'
psdir='${docdir}'
sbindir='${exec_prefix}/sbin'
sharedstatedir='${prefix}/com'
sysconfdir='${prefix}/etc'
target_alias=''

## ----------- ##
## confdefs.h. ##
## ----------- ##

/* confdefs.h */
#define PACKAGE_NAME "libpng"
#define PACKAGE_TARNAME "libpng"
#define PACKAGE_VERSION "1.2.43"
#define PACKAGE_STRING "libpng 1.2.43"
#define PACKAGE_BUGREPORT "png-mng-implement@lists.sourceforge.net"
#define PACKAGE_URL ""
#define PACKAGE "libpng"
#define VERSION "1.2.43"

configure: exit 77
