The system is: Linux - 3.10.0-957.1.3.el7.x86_64 - x86_64
Compiling the C compiler identification source file "CMakeCCompilerId.c" succeeded.
Compiler: /bin/cc 
Build flags: 
Id flags: 

The output was:
0


Compilation of the C compiler identification source "CMakeCCompilerId.c" produced "a.out"

The C compiler identification is GNU, found in "/scratch4/NCEPDEV/fv3-cam/save/Ting.Lei/dr-CAM/dr-witaker/ProdGSI/src/enkf/CMakeFiles/2.8.12.2/CompilerIdC/a.out"

Compiling the CXX compiler identification source file "CMakeCXXCompilerId.cpp" succeeded.
Compiler: /bin/c++ 
Build flags: 
Id flags: 

The output was:
0


Compilation of the CXX compiler identification source "CMakeCXXCompilerId.cpp" produced "a.out"

The CXX compiler identification is GNU, found in "/scratch4/NCEPDEV/fv3-cam/save/Ting.Lei/dr-CAM/dr-witaker/ProdGSI/src/enkf/CMakeFiles/2.8.12.2/CompilerIdCXX/a.out"

Determining if the C compiler works passed with the following output:
Change Dir: /scratch4/NCEPDEV/fv3-cam/save/Ting.Lei/dr-CAM/dr-witaker/ProdGSI/src/enkf/CMakeFiles/CMakeTmp

Run Build Command:/bin/gmake "cmTryCompileExec1571880127/fast"
/bin/gmake -f CMakeFiles/cmTryCompileExec1571880127.dir/build.make CMakeFiles/cmTryCompileExec1571880127.dir/build
gmake[1]: Entering directory `/scratch4/NCEPDEV/fv3-cam/save/Ting.Lei/dr-CAM/dr-witaker/ProdGSI/src/enkf/CMakeFiles/CMakeTmp'
/usr/bin/cmake -E cmake_progress_report /scratch4/NCEPDEV/fv3-cam/save/Ting.Lei/dr-CAM/dr-witaker/ProdGSI/src/enkf/CMakeFiles/CMakeTmp/CMakeFiles 1
Building C object CMakeFiles/cmTryCompileExec1571880127.dir/testCCompiler.c.o
/bin/cc    -o CMakeFiles/cmTryCompileExec1571880127.dir/testCCompiler.c.o   -c /scratch4/NCEPDEV/fv3-cam/save/Ting.Lei/dr-CAM/dr-witaker/ProdGSI/src/enkf/CMakeFiles/CMakeTmp/testCCompiler.c
Linking C executable cmTryCompileExec1571880127
/usr/bin/cmake -E cmake_link_script CMakeFiles/cmTryCompileExec1571880127.dir/link.txt --verbose=1
/bin/cc       CMakeFiles/cmTryCompileExec1571880127.dir/testCCompiler.c.o  -o cmTryCompileExec1571880127 -rdynamic 
gmake[1]: Leaving directory `/scratch4/NCEPDEV/fv3-cam/save/Ting.Lei/dr-CAM/dr-witaker/ProdGSI/src/enkf/CMakeFiles/CMakeTmp'


Detecting C compiler ABI info compiled with the following output:
Change Dir: /scratch4/NCEPDEV/fv3-cam/save/Ting.Lei/dr-CAM/dr-witaker/ProdGSI/src/enkf/CMakeFiles/CMakeTmp

Run Build Command:/bin/gmake "cmTryCompileExec3965901837/fast"
/bin/gmake -f CMakeFiles/cmTryCompileExec3965901837.dir/build.make CMakeFiles/cmTryCompileExec3965901837.dir/build
gmake[1]: Entering directory `/scratch4/NCEPDEV/fv3-cam/save/Ting.Lei/dr-CAM/dr-witaker/ProdGSI/src/enkf/CMakeFiles/CMakeTmp'
/usr/bin/cmake -E cmake_progress_report /scratch4/NCEPDEV/fv3-cam/save/Ting.Lei/dr-CAM/dr-witaker/ProdGSI/src/enkf/CMakeFiles/CMakeTmp/CMakeFiles 1
Building C object CMakeFiles/cmTryCompileExec3965901837.dir/CMakeCCompilerABI.c.o
/bin/cc    -o CMakeFiles/cmTryCompileExec3965901837.dir/CMakeCCompilerABI.c.o   -c /usr/share/cmake/Modules/CMakeCCompilerABI.c
Linking C executable cmTryCompileExec3965901837
/usr/bin/cmake -E cmake_link_script CMakeFiles/cmTryCompileExec3965901837.dir/link.txt --verbose=1
/bin/cc     -v CMakeFiles/cmTryCompileExec3965901837.dir/CMakeCCompilerABI.c.o  -o cmTryCompileExec3965901837 -rdynamic  
Using built-in specs.
COLLECT_GCC=/bin/cc
COLLECT_LTO_WRAPPER=/usr/libexec/gcc/x86_64-redhat-linux/4.8.5/lto-wrapper
Target: x86_64-redhat-linux
Configured with: ../configure --prefix=/usr --mandir=/usr/share/man --infodir=/usr/share/info --with-bugurl=http://bugzilla.redhat.com/bugzilla --enable-bootstrap --enable-shared --enable-threads=posix --enable-checking=release --with-system-zlib --enable-__cxa_atexit --disable-libunwind-exceptions --enable-gnu-unique-object --enable-linker-build-id --with-linker-hash-style=gnu --enable-languages=c,c++,objc,obj-c++,java,fortran,ada,go,lto --enable-plugin --enable-initfini-array --disable-libgcj --with-isl=/builddir/build/BUILD/gcc-4.8.5-20150702/obj-x86_64-redhat-linux/isl-install --with-cloog=/builddir/build/BUILD/gcc-4.8.5-20150702/obj-x86_64-redhat-linux/cloog-install --enable-gnu-indirect-function --with-tune=generic --with-arch_32=x86-64 --build=x86_64-redhat-linux
Thread model: posix
gcc version 4.8.5 20150623 (Red Hat 4.8.5-36) (GCC) 
COMPILER_PATH=/usr/libexec/gcc/x86_64-redhat-linux/4.8.5/:/usr/libexec/gcc/x86_64-redhat-linux/4.8.5/:/usr/libexec/gcc/x86_64-redhat-linux/:/usr/lib/gcc/x86_64-redhat-linux/4.8.5/:/usr/lib/gcc/x86_64-redhat-linux/
LIBRARY_PATH=/usr/lib/gcc/x86_64-redhat-linux/4.8.5/:/usr/lib/gcc/x86_64-redhat-linux/4.8.5/../../../../lib64/:/lib/../lib64/:/usr/lib/../lib64/:/apps/cairo/1.14.2/lib/:/apps/intel/composer_xe_2013_sp1.2.144/compiler/lib/intel64/:/apps/intel/composer_xe_2013_sp1.2.144/mkl/lib/intel64/:/apps/intel/composer_xe_2013_sp1.2.144/tbb/lib/intel64/gcc4.4/:/usr/lib/gcc/x86_64-redhat-linux/4.8.5/../../../:/lib/:/usr/lib/
COLLECT_GCC_OPTIONS='-v' '-o' 'cmTryCompileExec3965901837' '-rdynamic' '-mtune=generic' '-march=x86-64'
 /usr/libexec/gcc/x86_64-redhat-linux/4.8.5/collect2 --build-id --no-add-needed --eh-frame-hdr --hash-style=gnu -m elf_x86_64 -export-dynamic -dynamic-linker /lib64/ld-linux-x86-64.so.2 -o cmTryCompileExec3965901837 /usr/lib/gcc/x86_64-redhat-linux/4.8.5/../../../../lib64/crt1.o /usr/lib/gcc/x86_64-redhat-linux/4.8.5/../../../../lib64/crti.o /usr/lib/gcc/x86_64-redhat-linux/4.8.5/crtbegin.o -L/usr/lib/gcc/x86_64-redhat-linux/4.8.5 -L/usr/lib/gcc/x86_64-redhat-linux/4.8.5/../../../../lib64 -L/lib/../lib64 -L/usr/lib/../lib64 -L/apps/cairo/1.14.2/lib -L/apps/intel/composer_xe_2013_sp1.2.144/compiler/lib/intel64 -L/apps/intel/composer_xe_2013_sp1.2.144/mkl/lib/intel64 -L/apps/intel/composer_xe_2013_sp1.2.144/tbb/lib/intel64/gcc4.4 -L/usr/lib/gcc/x86_64-redhat-linux/4.8.5/../../.. CMakeFiles/cmTryCompileExec3965901837.dir/CMakeCCompilerABI.c.o -lgcc --as-needed -lgcc_s --no-as-needed -lc -lgcc --as-needed -lgcc_s --no-as-needed /usr/lib/gcc/x86_64-redhat-linux/4.8.5/crtend.o /usr/lib/gcc/x86_64-redhat-linux/4.8.5/../../../../lib64/crtn.o
gmake[1]: Leaving directory `/scratch4/NCEPDEV/fv3-cam/save/Ting.Lei/dr-CAM/dr-witaker/ProdGSI/src/enkf/CMakeFiles/CMakeTmp'


Parsed C implicit link information from above output:
  link line regex: [^( *|.*[/\])(ld|([^/\]+-)?ld|collect2)[^/\]*( |$)]
  ignore line: [Change Dir: /scratch4/NCEPDEV/fv3-cam/save/Ting.Lei/dr-CAM/dr-witaker/ProdGSI/src/enkf/CMakeFiles/CMakeTmp]
  ignore line: []
  ignore line: [Run Build Command:/bin/gmake "cmTryCompileExec3965901837/fast"]
  ignore line: [/bin/gmake -f CMakeFiles/cmTryCompileExec3965901837.dir/build.make CMakeFiles/cmTryCompileExec3965901837.dir/build]
  ignore line: [gmake[1]: Entering directory `/scratch4/NCEPDEV/fv3-cam/save/Ting.Lei/dr-CAM/dr-witaker/ProdGSI/src/enkf/CMakeFiles/CMakeTmp']
  ignore line: [/usr/bin/cmake -E cmake_progress_report /scratch4/NCEPDEV/fv3-cam/save/Ting.Lei/dr-CAM/dr-witaker/ProdGSI/src/enkf/CMakeFiles/CMakeTmp/CMakeFiles 1]
  ignore line: [Building C object CMakeFiles/cmTryCompileExec3965901837.dir/CMakeCCompilerABI.c.o]
  ignore line: [/bin/cc    -o CMakeFiles/cmTryCompileExec3965901837.dir/CMakeCCompilerABI.c.o   -c /usr/share/cmake/Modules/CMakeCCompilerABI.c]
  ignore line: [Linking C executable cmTryCompileExec3965901837]
  ignore line: [/usr/bin/cmake -E cmake_link_script CMakeFiles/cmTryCompileExec3965901837.dir/link.txt --verbose=1]
  ignore line: [/bin/cc     -v CMakeFiles/cmTryCompileExec3965901837.dir/CMakeCCompilerABI.c.o  -o cmTryCompileExec3965901837 -rdynamic  ]
  ignore line: [Using built-in specs.]
  ignore line: [COLLECT_GCC=/bin/cc]
  ignore line: [COLLECT_LTO_WRAPPER=/usr/libexec/gcc/x86_64-redhat-linux/4.8.5/lto-wrapper]
  ignore line: [Target: x86_64-redhat-linux]
  ignore line: [Configured with: ../configure --prefix=/usr --mandir=/usr/share/man --infodir=/usr/share/info --with-bugurl=http://bugzilla.redhat.com/bugzilla --enable-bootstrap --enable-shared --enable-threads=posix --enable-checking=release --with-system-zlib --enable-__cxa_atexit --disable-libunwind-exceptions --enable-gnu-unique-object --enable-linker-build-id --with-linker-hash-style=gnu --enable-languages=c,c++,objc,obj-c++,java,fortran,ada,go,lto --enable-plugin --enable-initfini-array --disable-libgcj --with-isl=/builddir/build/BUILD/gcc-4.8.5-20150702/obj-x86_64-redhat-linux/isl-install --with-cloog=/builddir/build/BUILD/gcc-4.8.5-20150702/obj-x86_64-redhat-linux/cloog-install --enable-gnu-indirect-function --with-tune=generic --with-arch_32=x86-64 --build=x86_64-redhat-linux]
  ignore line: [Thread model: posix]
  ignore line: [gcc version 4.8.5 20150623 (Red Hat 4.8.5-36) (GCC) ]
  ignore line: [COMPILER_PATH=/usr/libexec/gcc/x86_64-redhat-linux/4.8.5/:/usr/libexec/gcc/x86_64-redhat-linux/4.8.5/:/usr/libexec/gcc/x86_64-redhat-linux/:/usr/lib/gcc/x86_64-redhat-linux/4.8.5/:/usr/lib/gcc/x86_64-redhat-linux/]
  ignore line: [LIBRARY_PATH=/usr/lib/gcc/x86_64-redhat-linux/4.8.5/:/usr/lib/gcc/x86_64-redhat-linux/4.8.5/../../../../lib64/:/lib/../lib64/:/usr/lib/../lib64/:/apps/cairo/1.14.2/lib/:/apps/intel/composer_xe_2013_sp1.2.144/compiler/lib/intel64/:/apps/intel/composer_xe_2013_sp1.2.144/mkl/lib/intel64/:/apps/intel/composer_xe_2013_sp1.2.144/tbb/lib/intel64/gcc4.4/:/usr/lib/gcc/x86_64-redhat-linux/4.8.5/../../../:/lib/:/usr/lib/]
  ignore line: [COLLECT_GCC_OPTIONS='-v' '-o' 'cmTryCompileExec3965901837' '-rdynamic' '-mtune=generic' '-march=x86-64']
  link line: [ /usr/libexec/gcc/x86_64-redhat-linux/4.8.5/collect2 --build-id --no-add-needed --eh-frame-hdr --hash-style=gnu -m elf_x86_64 -export-dynamic -dynamic-linker /lib64/ld-linux-x86-64.so.2 -o cmTryCompileExec3965901837 /usr/lib/gcc/x86_64-redhat-linux/4.8.5/../../../../lib64/crt1.o /usr/lib/gcc/x86_64-redhat-linux/4.8.5/../../../../lib64/crti.o /usr/lib/gcc/x86_64-redhat-linux/4.8.5/crtbegin.o -L/usr/lib/gcc/x86_64-redhat-linux/4.8.5 -L/usr/lib/gcc/x86_64-redhat-linux/4.8.5/../../../../lib64 -L/lib/../lib64 -L/usr/lib/../lib64 -L/apps/cairo/1.14.2/lib -L/apps/intel/composer_xe_2013_sp1.2.144/compiler/lib/intel64 -L/apps/intel/composer_xe_2013_sp1.2.144/mkl/lib/intel64 -L/apps/intel/composer_xe_2013_sp1.2.144/tbb/lib/intel64/gcc4.4 -L/usr/lib/gcc/x86_64-redhat-linux/4.8.5/../../.. CMakeFiles/cmTryCompileExec3965901837.dir/CMakeCCompilerABI.c.o -lgcc --as-needed -lgcc_s --no-as-needed -lc -lgcc --as-needed -lgcc_s --no-as-needed /usr/lib/gcc/x86_64-redhat-linux/4.8.5/crtend.o /usr/lib/gcc/x86_64-redhat-linux/4.8.5/../../../../lib64/crtn.o]
    arg [/usr/libexec/gcc/x86_64-redhat-linux/4.8.5/collect2] ==> ignore
    arg [--build-id] ==> ignore
    arg [--no-add-needed] ==> ignore
    arg [--eh-frame-hdr] ==> ignore
    arg [--hash-style=gnu] ==> ignore
    arg [-m] ==> ignore
    arg [elf_x86_64] ==> ignore
    arg [-export-dynamic] ==> ignore
    arg [-dynamic-linker] ==> ignore
    arg [/lib64/ld-linux-x86-64.so.2] ==> ignore
    arg [-o] ==> ignore
    arg [cmTryCompileExec3965901837] ==> ignore
    arg [/usr/lib/gcc/x86_64-redhat-linux/4.8.5/../../../../lib64/crt1.o] ==> ignore
    arg [/usr/lib/gcc/x86_64-redhat-linux/4.8.5/../../../../lib64/crti.o] ==> ignore
    arg [/usr/lib/gcc/x86_64-redhat-linux/4.8.5/crtbegin.o] ==> ignore
    arg [-L/usr/lib/gcc/x86_64-redhat-linux/4.8.5] ==> dir [/usr/lib/gcc/x86_64-redhat-linux/4.8.5]
    arg [-L/usr/lib/gcc/x86_64-redhat-linux/4.8.5/../../../../lib64] ==> dir [/usr/lib/gcc/x86_64-redhat-linux/4.8.5/../../../../lib64]
    arg [-L/lib/../lib64] ==> dir [/lib/../lib64]
    arg [-L/usr/lib/../lib64] ==> dir [/usr/lib/../lib64]
    arg [-L/apps/cairo/1.14.2/lib] ==> dir [/apps/cairo/1.14.2/lib]
    arg [-L/apps/intel/composer_xe_2013_sp1.2.144/compiler/lib/intel64] ==> dir [/apps/intel/composer_xe_2013_sp1.2.144/compiler/lib/intel64]
    arg [-L/apps/intel/composer_xe_2013_sp1.2.144/mkl/lib/intel64] ==> dir [/apps/intel/composer_xe_2013_sp1.2.144/mkl/lib/intel64]
    arg [-L/apps/intel/composer_xe_2013_sp1.2.144/tbb/lib/intel64/gcc4.4] ==> dir [/apps/intel/composer_xe_2013_sp1.2.144/tbb/lib/intel64/gcc4.4]
    arg [-L/usr/lib/gcc/x86_64-redhat-linux/4.8.5/../../..] ==> dir [/usr/lib/gcc/x86_64-redhat-linux/4.8.5/../../..]
    arg [CMakeFiles/cmTryCompileExec3965901837.dir/CMakeCCompilerABI.c.o] ==> ignore
    arg [-lgcc] ==> lib [gcc]
    arg [--as-needed] ==> ignore
    arg [-lgcc_s] ==> lib [gcc_s]
    arg [--no-as-needed] ==> ignore
    arg [-lc] ==> lib [c]
    arg [-lgcc] ==> lib [gcc]
    arg [--as-needed] ==> ignore
    arg [-lgcc_s] ==> lib [gcc_s]
    arg [--no-as-needed] ==> ignore
    arg [/usr/lib/gcc/x86_64-redhat-linux/4.8.5/crtend.o] ==> ignore
    arg [/usr/lib/gcc/x86_64-redhat-linux/4.8.5/../../../../lib64/crtn.o] ==> ignore
  remove lib [gcc]
  remove lib [gcc_s]
  remove lib [gcc]
  remove lib [gcc_s]
  collapse library dir [/usr/lib/gcc/x86_64-redhat-linux/4.8.5] ==> [/usr/lib/gcc/x86_64-redhat-linux/4.8.5]
  collapse library dir [/usr/lib/gcc/x86_64-redhat-linux/4.8.5/../../../../lib64] ==> [/usr/lib64]
  collapse library dir [/lib/../lib64] ==> [/lib64]
  collapse library dir [/usr/lib/../lib64] ==> [/usr/lib64]
  collapse library dir [/apps/cairo/1.14.2/lib] ==> [/apps/cairo/1.14.2/lib]
  collapse library dir [/apps/intel/composer_xe_2013_sp1.2.144/compiler/lib/intel64] ==> [/apps/intel/composer_xe_2013_sp1.2.144/compiler/lib/intel64]
  collapse library dir [/apps/intel/composer_xe_2013_sp1.2.144/mkl/lib/intel64] ==> [/apps/intel/composer_xe_2013_sp1.2.144/mkl/lib/intel64]
  collapse library dir [/apps/intel/composer_xe_2013_sp1.2.144/tbb/lib/intel64/gcc4.4] ==> [/apps/intel/composer_xe_2013_sp1.2.144/tbb/lib/intel64/gcc4.4]
  collapse library dir [/usr/lib/gcc/x86_64-redhat-linux/4.8.5/../../..] ==> [/usr/lib]
  implicit libs: [c]
  implicit dirs: [/usr/lib/gcc/x86_64-redhat-linux/4.8.5;/usr/lib64;/lib64;/apps/cairo/1.14.2/lib;/apps/intel/composer_xe_2013_sp1.2.144/compiler/lib/intel64;/apps/intel/composer_xe_2013_sp1.2.144/mkl/lib/intel64;/apps/intel/composer_xe_2013_sp1.2.144/tbb/lib/intel64/gcc4.4;/usr/lib]
  implicit fwks: []


Determining if the CXX compiler works passed with the following output:
Change Dir: /scratch4/NCEPDEV/fv3-cam/save/Ting.Lei/dr-CAM/dr-witaker/ProdGSI/src/enkf/CMakeFiles/CMakeTmp

Run Build Command:/bin/gmake "cmTryCompileExec4106867847/fast"
/bin/gmake -f CMakeFiles/cmTryCompileExec4106867847.dir/build.make CMakeFiles/cmTryCompileExec4106867847.dir/build
gmake[1]: Entering directory `/scratch4/NCEPDEV/fv3-cam/save/Ting.Lei/dr-CAM/dr-witaker/ProdGSI/src/enkf/CMakeFiles/CMakeTmp'
/usr/bin/cmake -E cmake_progress_report /scratch4/NCEPDEV/fv3-cam/save/Ting.Lei/dr-CAM/dr-witaker/ProdGSI/src/enkf/CMakeFiles/CMakeTmp/CMakeFiles 1
Building CXX object CMakeFiles/cmTryCompileExec4106867847.dir/testCXXCompiler.cxx.o
/bin/c++     -o CMakeFiles/cmTryCompileExec4106867847.dir/testCXXCompiler.cxx.o -c /scratch4/NCEPDEV/fv3-cam/save/Ting.Lei/dr-CAM/dr-witaker/ProdGSI/src/enkf/CMakeFiles/CMakeTmp/testCXXCompiler.cxx
Linking CXX executable cmTryCompileExec4106867847
/usr/bin/cmake -E cmake_link_script CMakeFiles/cmTryCompileExec4106867847.dir/link.txt --verbose=1
/bin/c++        CMakeFiles/cmTryCompileExec4106867847.dir/testCXXCompiler.cxx.o  -o cmTryCompileExec4106867847 -rdynamic 
gmake[1]: Leaving directory `/scratch4/NCEPDEV/fv3-cam/save/Ting.Lei/dr-CAM/dr-witaker/ProdGSI/src/enkf/CMakeFiles/CMakeTmp'


Detecting CXX compiler ABI info compiled with the following output:
Change Dir: /scratch4/NCEPDEV/fv3-cam/save/Ting.Lei/dr-CAM/dr-witaker/ProdGSI/src/enkf/CMakeFiles/CMakeTmp

Run Build Command:/bin/gmake "cmTryCompileExec2000728824/fast"
/bin/gmake -f CMakeFiles/cmTryCompileExec2000728824.dir/build.make CMakeFiles/cmTryCompileExec2000728824.dir/build
gmake[1]: Entering directory `/scratch4/NCEPDEV/fv3-cam/save/Ting.Lei/dr-CAM/dr-witaker/ProdGSI/src/enkf/CMakeFiles/CMakeTmp'
/usr/bin/cmake -E cmake_progress_report /scratch4/NCEPDEV/fv3-cam/save/Ting.Lei/dr-CAM/dr-witaker/ProdGSI/src/enkf/CMakeFiles/CMakeTmp/CMakeFiles 1
Building CXX object CMakeFiles/cmTryCompileExec2000728824.dir/CMakeCXXCompilerABI.cpp.o
/bin/c++     -o CMakeFiles/cmTryCompileExec2000728824.dir/CMakeCXXCompilerABI.cpp.o -c /usr/share/cmake/Modules/CMakeCXXCompilerABI.cpp
Linking CXX executable cmTryCompileExec2000728824
/usr/bin/cmake -E cmake_link_script CMakeFiles/cmTryCompileExec2000728824.dir/link.txt --verbose=1
/bin/c++      -v CMakeFiles/cmTryCompileExec2000728824.dir/CMakeCXXCompilerABI.cpp.o  -o cmTryCompileExec2000728824 -rdynamic  
Using built-in specs.
COLLECT_GCC=/bin/c++
COLLECT_LTO_WRAPPER=/usr/libexec/gcc/x86_64-redhat-linux/4.8.5/lto-wrapper
Target: x86_64-redhat-linux
Configured with: ../configure --prefix=/usr --mandir=/usr/share/man --infodir=/usr/share/info --with-bugurl=http://bugzilla.redhat.com/bugzilla --enable-bootstrap --enable-shared --enable-threads=posix --enable-checking=release --with-system-zlib --enable-__cxa_atexit --disable-libunwind-exceptions --enable-gnu-unique-object --enable-linker-build-id --with-linker-hash-style=gnu --enable-languages=c,c++,objc,obj-c++,java,fortran,ada,go,lto --enable-plugin --enable-initfini-array --disable-libgcj --with-isl=/builddir/build/BUILD/gcc-4.8.5-20150702/obj-x86_64-redhat-linux/isl-install --with-cloog=/builddir/build/BUILD/gcc-4.8.5-20150702/obj-x86_64-redhat-linux/cloog-install --enable-gnu-indirect-function --with-tune=generic --with-arch_32=x86-64 --build=x86_64-redhat-linux
Thread model: posix
gcc version 4.8.5 20150623 (Red Hat 4.8.5-36) (GCC) 
COMPILER_PATH=/usr/libexec/gcc/x86_64-redhat-linux/4.8.5/:/usr/libexec/gcc/x86_64-redhat-linux/4.8.5/:/usr/libexec/gcc/x86_64-redhat-linux/:/usr/lib/gcc/x86_64-redhat-linux/4.8.5/:/usr/lib/gcc/x86_64-redhat-linux/
LIBRARY_PATH=/usr/lib/gcc/x86_64-redhat-linux/4.8.5/:/usr/lib/gcc/x86_64-redhat-linux/4.8.5/../../../../lib64/:/lib/../lib64/:/usr/lib/../lib64/:/apps/cairo/1.14.2/lib/:/apps/intel/composer_xe_2013_sp1.2.144/compiler/lib/intel64/:/apps/intel/composer_xe_2013_sp1.2.144/mkl/lib/intel64/:/apps/intel/composer_xe_2013_sp1.2.144/tbb/lib/intel64/gcc4.4/:/usr/lib/gcc/x86_64-redhat-linux/4.8.5/../../../:/lib/:/usr/lib/
COLLECT_GCC_OPTIONS='-v' '-o' 'cmTryCompileExec2000728824' '-rdynamic' '-shared-libgcc' '-mtune=generic' '-march=x86-64'
 /usr/libexec/gcc/x86_64-redhat-linux/4.8.5/collect2 --build-id --no-add-needed --eh-frame-hdr --hash-style=gnu -m elf_x86_64 -export-dynamic -dynamic-linker /lib64/ld-linux-x86-64.so.2 -o cmTryCompileExec2000728824 /usr/lib/gcc/x86_64-redhat-linux/4.8.5/../../../../lib64/crt1.o /usr/lib/gcc/x86_64-redhat-linux/4.8.5/../../../../lib64/crti.o /usr/lib/gcc/x86_64-redhat-linux/4.8.5/crtbegin.o -L/usr/lib/gcc/x86_64-redhat-linux/4.8.5 -L/usr/lib/gcc/x86_64-redhat-linux/4.8.5/../../../../lib64 -L/lib/../lib64 -L/usr/lib/../lib64 -L/apps/cairo/1.14.2/lib -L/apps/intel/composer_xe_2013_sp1.2.144/compiler/lib/intel64 -L/apps/intel/composer_xe_2013_sp1.2.144/mkl/lib/intel64 -L/apps/intel/composer_xe_2013_sp1.2.144/tbb/lib/intel64/gcc4.4 -L/usr/lib/gcc/x86_64-redhat-linux/4.8.5/../../.. CMakeFiles/cmTryCompileExec2000728824.dir/CMakeCXXCompilerABI.cpp.o -lstdc++ -lm -lgcc_s -lgcc -lc -lgcc_s -lgcc /usr/lib/gcc/x86_64-redhat-linux/4.8.5/crtend.o /usr/lib/gcc/x86_64-redhat-linux/4.8.5/../../../../lib64/crtn.o
gmake[1]: Leaving directory `/scratch4/NCEPDEV/fv3-cam/save/Ting.Lei/dr-CAM/dr-witaker/ProdGSI/src/enkf/CMakeFiles/CMakeTmp'


Parsed CXX implicit link information from above output:
  link line regex: [^( *|.*[/\])(ld|([^/\]+-)?ld|collect2)[^/\]*( |$)]
  ignore line: [Change Dir: /scratch4/NCEPDEV/fv3-cam/save/Ting.Lei/dr-CAM/dr-witaker/ProdGSI/src/enkf/CMakeFiles/CMakeTmp]
  ignore line: []
  ignore line: [Run Build Command:/bin/gmake "cmTryCompileExec2000728824/fast"]
  ignore line: [/bin/gmake -f CMakeFiles/cmTryCompileExec2000728824.dir/build.make CMakeFiles/cmTryCompileExec2000728824.dir/build]
  ignore line: [gmake[1]: Entering directory `/scratch4/NCEPDEV/fv3-cam/save/Ting.Lei/dr-CAM/dr-witaker/ProdGSI/src/enkf/CMakeFiles/CMakeTmp']
  ignore line: [/usr/bin/cmake -E cmake_progress_report /scratch4/NCEPDEV/fv3-cam/save/Ting.Lei/dr-CAM/dr-witaker/ProdGSI/src/enkf/CMakeFiles/CMakeTmp/CMakeFiles 1]
  ignore line: [Building CXX object CMakeFiles/cmTryCompileExec2000728824.dir/CMakeCXXCompilerABI.cpp.o]
  ignore line: [/bin/c++     -o CMakeFiles/cmTryCompileExec2000728824.dir/CMakeCXXCompilerABI.cpp.o -c /usr/share/cmake/Modules/CMakeCXXCompilerABI.cpp]
  ignore line: [Linking CXX executable cmTryCompileExec2000728824]
  ignore line: [/usr/bin/cmake -E cmake_link_script CMakeFiles/cmTryCompileExec2000728824.dir/link.txt --verbose=1]
  ignore line: [/bin/c++      -v CMakeFiles/cmTryCompileExec2000728824.dir/CMakeCXXCompilerABI.cpp.o  -o cmTryCompileExec2000728824 -rdynamic  ]
  ignore line: [Using built-in specs.]
  ignore line: [COLLECT_GCC=/bin/c++]
  ignore line: [COLLECT_LTO_WRAPPER=/usr/libexec/gcc/x86_64-redhat-linux/4.8.5/lto-wrapper]
  ignore line: [Target: x86_64-redhat-linux]
  ignore line: [Configured with: ../configure --prefix=/usr --mandir=/usr/share/man --infodir=/usr/share/info --with-bugurl=http://bugzilla.redhat.com/bugzilla --enable-bootstrap --enable-shared --enable-threads=posix --enable-checking=release --with-system-zlib --enable-__cxa_atexit --disable-libunwind-exceptions --enable-gnu-unique-object --enable-linker-build-id --with-linker-hash-style=gnu --enable-languages=c,c++,objc,obj-c++,java,fortran,ada,go,lto --enable-plugin --enable-initfini-array --disable-libgcj --with-isl=/builddir/build/BUILD/gcc-4.8.5-20150702/obj-x86_64-redhat-linux/isl-install --with-cloog=/builddir/build/BUILD/gcc-4.8.5-20150702/obj-x86_64-redhat-linux/cloog-install --enable-gnu-indirect-function --with-tune=generic --with-arch_32=x86-64 --build=x86_64-redhat-linux]
  ignore line: [Thread model: posix]
  ignore line: [gcc version 4.8.5 20150623 (Red Hat 4.8.5-36) (GCC) ]
  ignore line: [COMPILER_PATH=/usr/libexec/gcc/x86_64-redhat-linux/4.8.5/:/usr/libexec/gcc/x86_64-redhat-linux/4.8.5/:/usr/libexec/gcc/x86_64-redhat-linux/:/usr/lib/gcc/x86_64-redhat-linux/4.8.5/:/usr/lib/gcc/x86_64-redhat-linux/]
  ignore line: [LIBRARY_PATH=/usr/lib/gcc/x86_64-redhat-linux/4.8.5/:/usr/lib/gcc/x86_64-redhat-linux/4.8.5/../../../../lib64/:/lib/../lib64/:/usr/lib/../lib64/:/apps/cairo/1.14.2/lib/:/apps/intel/composer_xe_2013_sp1.2.144/compiler/lib/intel64/:/apps/intel/composer_xe_2013_sp1.2.144/mkl/lib/intel64/:/apps/intel/composer_xe_2013_sp1.2.144/tbb/lib/intel64/gcc4.4/:/usr/lib/gcc/x86_64-redhat-linux/4.8.5/../../../:/lib/:/usr/lib/]
  ignore line: [COLLECT_GCC_OPTIONS='-v' '-o' 'cmTryCompileExec2000728824' '-rdynamic' '-shared-libgcc' '-mtune=generic' '-march=x86-64']
  link line: [ /usr/libexec/gcc/x86_64-redhat-linux/4.8.5/collect2 --build-id --no-add-needed --eh-frame-hdr --hash-style=gnu -m elf_x86_64 -export-dynamic -dynamic-linker /lib64/ld-linux-x86-64.so.2 -o cmTryCompileExec2000728824 /usr/lib/gcc/x86_64-redhat-linux/4.8.5/../../../../lib64/crt1.o /usr/lib/gcc/x86_64-redhat-linux/4.8.5/../../../../lib64/crti.o /usr/lib/gcc/x86_64-redhat-linux/4.8.5/crtbegin.o -L/usr/lib/gcc/x86_64-redhat-linux/4.8.5 -L/usr/lib/gcc/x86_64-redhat-linux/4.8.5/../../../../lib64 -L/lib/../lib64 -L/usr/lib/../lib64 -L/apps/cairo/1.14.2/lib -L/apps/intel/composer_xe_2013_sp1.2.144/compiler/lib/intel64 -L/apps/intel/composer_xe_2013_sp1.2.144/mkl/lib/intel64 -L/apps/intel/composer_xe_2013_sp1.2.144/tbb/lib/intel64/gcc4.4 -L/usr/lib/gcc/x86_64-redhat-linux/4.8.5/../../.. CMakeFiles/cmTryCompileExec2000728824.dir/CMakeCXXCompilerABI.cpp.o -lstdc++ -lm -lgcc_s -lgcc -lc -lgcc_s -lgcc /usr/lib/gcc/x86_64-redhat-linux/4.8.5/crtend.o /usr/lib/gcc/x86_64-redhat-linux/4.8.5/../../../../lib64/crtn.o]
    arg [/usr/libexec/gcc/x86_64-redhat-linux/4.8.5/collect2] ==> ignore
    arg [--build-id] ==> ignore
    arg [--no-add-needed] ==> ignore
    arg [--eh-frame-hdr] ==> ignore
    arg [--hash-style=gnu] ==> ignore
    arg [-m] ==> ignore
    arg [elf_x86_64] ==> ignore
    arg [-export-dynamic] ==> ignore
    arg [-dynamic-linker] ==> ignore
    arg [/lib64/ld-linux-x86-64.so.2] ==> ignore
    arg [-o] ==> ignore
    arg [cmTryCompileExec2000728824] ==> ignore
    arg [/usr/lib/gcc/x86_64-redhat-linux/4.8.5/../../../../lib64/crt1.o] ==> ignore
    arg [/usr/lib/gcc/x86_64-redhat-linux/4.8.5/../../../../lib64/crti.o] ==> ignore
    arg [/usr/lib/gcc/x86_64-redhat-linux/4.8.5/crtbegin.o] ==> ignore
    arg [-L/usr/lib/gcc/x86_64-redhat-linux/4.8.5] ==> dir [/usr/lib/gcc/x86_64-redhat-linux/4.8.5]
    arg [-L/usr/lib/gcc/x86_64-redhat-linux/4.8.5/../../../../lib64] ==> dir [/usr/lib/gcc/x86_64-redhat-linux/4.8.5/../../../../lib64]
    arg [-L/lib/../lib64] ==> dir [/lib/../lib64]
    arg [-L/usr/lib/../lib64] ==> dir [/usr/lib/../lib64]
    arg [-L/apps/cairo/1.14.2/lib] ==> dir [/apps/cairo/1.14.2/lib]
    arg [-L/apps/intel/composer_xe_2013_sp1.2.144/compiler/lib/intel64] ==> dir [/apps/intel/composer_xe_2013_sp1.2.144/compiler/lib/intel64]
    arg [-L/apps/intel/composer_xe_2013_sp1.2.144/mkl/lib/intel64] ==> dir [/apps/intel/composer_xe_2013_sp1.2.144/mkl/lib/intel64]
    arg [-L/apps/intel/composer_xe_2013_sp1.2.144/tbb/lib/intel64/gcc4.4] ==> dir [/apps/intel/composer_xe_2013_sp1.2.144/tbb/lib/intel64/gcc4.4]
    arg [-L/usr/lib/gcc/x86_64-redhat-linux/4.8.5/../../..] ==> dir [/usr/lib/gcc/x86_64-redhat-linux/4.8.5/../../..]
    arg [CMakeFiles/cmTryCompileExec2000728824.dir/CMakeCXXCompilerABI.cpp.o] ==> ignore
    arg [-lstdc++] ==> lib [stdc++]
    arg [-lm] ==> lib [m]
    arg [-lgcc_s] ==> lib [gcc_s]
    arg [-lgcc] ==> lib [gcc]
    arg [-lc] ==> lib [c]
    arg [-lgcc_s] ==> lib [gcc_s]
    arg [-lgcc] ==> lib [gcc]
    arg [/usr/lib/gcc/x86_64-redhat-linux/4.8.5/crtend.o] ==> ignore
    arg [/usr/lib/gcc/x86_64-redhat-linux/4.8.5/../../../../lib64/crtn.o] ==> ignore
  remove lib [gcc_s]
  remove lib [gcc]
  remove lib [gcc_s]
  remove lib [gcc]
  collapse library dir [/usr/lib/gcc/x86_64-redhat-linux/4.8.5] ==> [/usr/lib/gcc/x86_64-redhat-linux/4.8.5]
  collapse library dir [/usr/lib/gcc/x86_64-redhat-linux/4.8.5/../../../../lib64] ==> [/usr/lib64]
  collapse library dir [/lib/../lib64] ==> [/lib64]
  collapse library dir [/usr/lib/../lib64] ==> [/usr/lib64]
  collapse library dir [/apps/cairo/1.14.2/lib] ==> [/apps/cairo/1.14.2/lib]
  collapse library dir [/apps/intel/composer_xe_2013_sp1.2.144/compiler/lib/intel64] ==> [/apps/intel/composer_xe_2013_sp1.2.144/compiler/lib/intel64]
  collapse library dir [/apps/intel/composer_xe_2013_sp1.2.144/mkl/lib/intel64] ==> [/apps/intel/composer_xe_2013_sp1.2.144/mkl/lib/intel64]
  collapse library dir [/apps/intel/composer_xe_2013_sp1.2.144/tbb/lib/intel64/gcc4.4] ==> [/apps/intel/composer_xe_2013_sp1.2.144/tbb/lib/intel64/gcc4.4]
  collapse library dir [/usr/lib/gcc/x86_64-redhat-linux/4.8.5/../../..] ==> [/usr/lib]
  implicit libs: [stdc++;m;c]
  implicit dirs: [/usr/lib/gcc/x86_64-redhat-linux/4.8.5;/usr/lib64;/lib64;/apps/cairo/1.14.2/lib;/apps/intel/composer_xe_2013_sp1.2.144/compiler/lib/intel64;/apps/intel/composer_xe_2013_sp1.2.144/mkl/lib/intel64;/apps/intel/composer_xe_2013_sp1.2.144/tbb/lib/intel64/gcc4.4;/usr/lib]
  implicit fwks: []


